<?xml version="1.0" encoding="utf-8"?><testsuites name="pytest tests"><testsuite name="pytest" errors="0" failures="0" skipped="0" tests="12" time="5.545" timestamp="2026-03-30T20:46:11.327668+00:00" hostname="agent-env-7f61f153-31e0-49a3-bc9c-25104e6b2760"><testcase classname="backend.tests.test_onboarding.TestOnboardingPublicEndpoints" name="test_get_discovery_questions" time="0.316" /><testcase classname="backend.tests.test_onboarding.TestOnboardingPublicEndpoints" name="test_get_voices" time="0.108" /><testcase classname="backend.tests.test_onboarding.TestOnboardingSubmission" name="test_submit_onboarding_new_user" time="0.760" /><testcase classname="backend.tests.test_onboarding.TestOnboardingSubmission" name="test_submit_onboarding_authenticated_user" time="0.683" /><testcase classname="backend.tests.test_onboarding.TestOnboardingAdminEndpoints" name="test_get_submissions_list" time="0.476" /><testcase classname="backend.tests.test_onboarding.TestOnboardingAdminEndpoints" name="test_get_submission_detail" time="0.972" /><testcase classname="backend.tests.test_onboarding.TestOnboardingAdminEndpoints" name="test_update_submission_status" time="0.615" /><testcase classname="backend.tests.test_onboarding.TestOnboardingAdminEndpoints" name="test_add_admin_note" time="0.593" /><testcase classname="backend.tests.test_onboarding.TestOnboardingAdminEndpoints" name="test_get_onboarding_stats" time="0.476" /><testcase classname="backend.tests.test_onboarding.TestOnboardingAdminEndpoints" name="test_submissions_require_admin" time="0.119" /><testcase classname="backend.tests.test_onboarding.TestOnboardingValidation" name="test_submit_without_required_fields" time="0.123" /><testcase classname="backend.tests.test_onboarding.TestOnboardingValidation" name="test_submit_with_invalid_email" time="0.113" /></testsuite></testsuites>